2024/01/30 01:31:19 [notice] 1#1: using the "epoll" event method
2024/01/30 01:31:19 [notice] 1#1: nginx/1.24.0
2024/01/30 01:31:19 [notice] 1#1: built by gcc 12.2.1 20220924 (Alpine 12.2.1_git20220924-r4) 
2024/01/30 01:31:19 [notice] 1#1: OS: Linux 5.10.124-linuxkit
2024/01/30 01:31:19 [notice] 1#1: getrlimit(RLIMIT_NOFILE): 1048576:1048576
2024/01/30 01:31:19 [notice] 1#1: start worker processes
2024/01/30 01:31:19 [notice] 1#1: start worker process 29
2024/01/30 01:31:19 [notice] 1#1: start worker process 30
2024/01/30 01:31:19 [notice] 1#1: start worker process 31
2024/01/30 01:31:19 [notice] 1#1: start worker process 32
2024/01/30 01:34:17 [notice] 1#1: signal 3 (SIGQUIT) received, shutting down
2024/01/30 01:34:17 [notice] 30#30: gracefully shutting down
2024/01/30 01:34:17 [notice] 30#30: exiting
2024/01/30 01:34:17 [notice] 29#29: gracefully shutting down
2024/01/30 01:34:17 [notice] 32#32: gracefully shutting down
2024/01/30 01:34:17 [notice] 31#31: gracefully shutting down
2024/01/30 01:34:17 [notice] 31#31: exiting
2024/01/30 01:34:17 [notice] 30#30: exit
2024/01/30 01:34:17 [notice] 29#29: exiting
2024/01/30 01:34:17 [notice] 32#32: exiting
2024/01/30 01:34:17 [notice] 32#32: exit
2024/01/30 01:34:17 [notice] 31#31: exit
2024/01/30 01:34:17 [notice] 1#1: signal 17 (SIGCHLD) received from 30
2024/01/30 01:34:17 [notice] 29#29: exit
2024/01/30 01:34:17 [notice] 1#1: worker process 30 exited with code 0
2024/01/30 01:34:17 [notice] 1#1: signal 29 (SIGIO) received
2024/01/30 01:34:17 [notice] 1#1: signal 17 (SIGCHLD) received from 32
2024/01/30 01:34:17 [notice] 1#1: worker process 32 exited with code 0
2024/01/30 01:34:17 [notice] 1#1: signal 29 (SIGIO) received
2024/01/30 01:34:17 [notice] 1#1: signal 17 (SIGCHLD) received from 31
2024/01/30 01:34:17 [notice] 1#1: worker process 29 exited with code 0
2024/01/30 01:34:17 [notice] 1#1: worker process 31 exited with code 0
2024/01/30 01:34:17 [notice] 1#1: exit
2024/01/30 01:34:26 [notice] 1#1: using the "epoll" event method
2024/01/30 01:34:26 [notice] 1#1: nginx/1.24.0
2024/01/30 01:34:26 [notice] 1#1: built by gcc 12.2.1 20220924 (Alpine 12.2.1_git20220924-r4) 
2024/01/30 01:34:26 [notice] 1#1: OS: Linux 5.10.124-linuxkit
2024/01/30 01:34:26 [notice] 1#1: getrlimit(RLIMIT_NOFILE): 1048576:1048576
2024/01/30 01:34:26 [notice] 1#1: start worker processes
2024/01/30 01:34:26 [notice] 1#1: start worker process 29
2024/01/30 01:34:26 [notice] 1#1: start worker process 30
2024/01/30 01:34:26 [notice] 1#1: start worker process 31
2024/01/30 01:34:26 [notice] 1#1: start worker process 32
2024/01/30 01:36:06 [notice] 1#1: signal 3 (SIGQUIT) received, shutting down
2024/01/30 01:36:06 [notice] 29#29: gracefully shutting down
2024/01/30 01:36:06 [notice] 29#29: exiting
2024/01/30 01:36:06 [notice] 31#31: gracefully shutting down
2024/01/30 01:36:06 [notice] 32#32: gracefully shutting down
2024/01/30 01:36:06 [notice] 32#32: exiting
2024/01/30 01:36:06 [notice] 30#30: gracefully shutting down
2024/01/30 01:36:06 [notice] 30#30: exiting
2024/01/30 01:36:06 [notice] 29#29: exit
2024/01/30 01:36:06 [notice] 31#31: exiting
2024/01/30 01:36:06 [notice] 31#31: exit
2024/01/30 01:36:06 [notice] 32#32: exit
2024/01/30 01:36:06 [notice] 30#30: exit
2024/01/30 01:36:06 [notice] 1#1: signal 17 (SIGCHLD) received from 29
2024/01/30 01:36:06 [notice] 1#1: worker process 29 exited with code 0
2024/01/30 01:36:06 [notice] 1#1: signal 29 (SIGIO) received
2024/01/30 01:36:06 [notice] 1#1: signal 17 (SIGCHLD) received from 31
2024/01/30 01:36:06 [notice] 1#1: worker process 31 exited with code 0
2024/01/30 01:36:06 [notice] 1#1: signal 29 (SIGIO) received
2024/01/30 01:36:06 [notice] 1#1: signal 17 (SIGCHLD) received from 32
2024/01/30 01:36:06 [notice] 1#1: worker process 30 exited with code 0
2024/01/30 01:36:06 [notice] 1#1: worker process 32 exited with code 0
2024/01/30 01:36:06 [notice] 1#1: exit
2024/01/30 01:36:13 [notice] 1#1: using the "epoll" event method
2024/01/30 01:36:13 [notice] 1#1: nginx/1.24.0
2024/01/30 01:36:13 [notice] 1#1: built by gcc 12.2.1 20220924 (Alpine 12.2.1_git20220924-r4) 
2024/01/30 01:36:13 [notice] 1#1: OS: Linux 5.10.124-linuxkit
2024/01/30 01:36:13 [notice] 1#1: getrlimit(RLIMIT_NOFILE): 1048576:1048576
2024/01/30 01:36:13 [notice] 1#1: start worker processes
2024/01/30 01:36:13 [notice] 1#1: start worker process 29
2024/01/30 01:36:13 [notice] 1#1: start worker process 30
2024/01/30 01:36:13 [notice] 1#1: start worker process 31
2024/01/30 01:36:13 [notice] 1#1: start worker process 32
2024/01/30 01:55:21 [notice] 1#1: signal 3 (SIGQUIT) received, shutting down
2024/01/30 01:55:21 [notice] 30#30: gracefully shutting down
2024/01/30 01:55:21 [notice] 29#29: gracefully shutting down
2024/01/30 01:55:21 [notice] 31#31: gracefully shutting down
2024/01/30 01:55:21 [notice] 32#32: gracefully shutting down
2024/01/30 01:55:21 [notice] 30#30: exiting
2024/01/30 01:55:21 [notice] 31#31: exiting
2024/01/30 01:55:21 [notice] 29#29: exiting
2024/01/30 01:55:21 [notice] 32#32: exiting
2024/01/30 01:55:21 [notice] 31#31: exit
2024/01/30 01:55:21 [notice] 30#30: exit
2024/01/30 01:55:21 [notice] 29#29: exit
2024/01/30 01:55:21 [notice] 32#32: exit
2024/01/30 01:55:21 [notice] 1#1: signal 17 (SIGCHLD) received from 32
2024/01/30 01:55:21 [notice] 1#1: worker process 32 exited with code 0
2024/01/30 01:55:21 [notice] 1#1: signal 29 (SIGIO) received
2024/01/30 01:55:21 [notice] 1#1: signal 17 (SIGCHLD) received from 30
2024/01/30 01:55:21 [notice] 1#1: worker process 29 exited with code 0
2024/01/30 01:55:21 [notice] 1#1: worker process 30 exited with code 0
2024/01/30 01:55:21 [notice] 1#1: worker process 31 exited with code 0
2024/01/30 01:55:21 [notice] 1#1: exit
2024/01/30 01:55:28 [notice] 1#1: using the "epoll" event method
2024/01/30 01:55:28 [notice] 1#1: nginx/1.24.0
2024/01/30 01:55:28 [notice] 1#1: built by gcc 12.2.1 20220924 (Alpine 12.2.1_git20220924-r4) 
2024/01/30 01:55:28 [notice] 1#1: OS: Linux 5.10.124-linuxkit
2024/01/30 01:55:28 [notice] 1#1: getrlimit(RLIMIT_NOFILE): 1048576:1048576
2024/01/30 01:55:28 [notice] 1#1: start worker processes
2024/01/30 01:55:28 [notice] 1#1: start worker process 29
2024/01/30 01:55:28 [notice] 1#1: start worker process 30
2024/01/30 01:55:28 [notice] 1#1: start worker process 31
2024/01/30 01:55:28 [notice] 1#1: start worker process 32
2024/01/30 02:01:24 [notice] 1#1: signal 3 (SIGQUIT) received, shutting down
2024/01/30 02:01:24 [notice] 30#30: gracefully shutting down
2024/01/30 02:01:24 [notice] 30#30: exiting
2024/01/30 02:01:24 [notice] 29#29: gracefully shutting down
2024/01/30 02:01:24 [notice] 31#31: gracefully shutting down
2024/01/30 02:01:24 [notice] 32#32: gracefully shutting down
2024/01/30 02:01:24 [notice] 30#30: exit
2024/01/30 02:01:24 [notice] 29#29: exiting
2024/01/30 02:01:24 [notice] 31#31: exiting
2024/01/30 02:01:24 [notice] 32#32: exiting
2024/01/30 02:01:24 [notice] 32#32: exit
2024/01/30 02:01:24 [notice] 29#29: exit
2024/01/30 02:01:24 [notice] 31#31: exit
2024/01/30 02:01:24 [notice] 1#1: signal 17 (SIGCHLD) received from 30
2024/01/30 02:01:24 [notice] 1#1: worker process 30 exited with code 0
2024/01/30 02:01:24 [notice] 1#1: signal 29 (SIGIO) received
2024/01/30 02:01:24 [notice] 1#1: signal 17 (SIGCHLD) received from 29
2024/01/30 02:01:24 [notice] 1#1: worker process 29 exited with code 0
2024/01/30 02:01:24 [notice] 1#1: signal 29 (SIGIO) received
2024/01/30 02:01:24 [notice] 1#1: signal 17 (SIGCHLD) received from 32
2024/01/30 02:01:24 [notice] 1#1: worker process 31 exited with code 0
2024/01/30 02:01:24 [notice] 1#1: worker process 32 exited with code 0
2024/01/30 02:01:24 [notice] 1#1: exit
2024/01/30 02:01:34 [notice] 1#1: using the "epoll" event method
2024/01/30 02:01:34 [notice] 1#1: nginx/1.24.0
2024/01/30 02:01:34 [notice] 1#1: built by gcc 12.2.1 20220924 (Alpine 12.2.1_git20220924-r4) 
2024/01/30 02:01:34 [notice] 1#1: OS: Linux 5.10.124-linuxkit
2024/01/30 02:01:34 [notice] 1#1: getrlimit(RLIMIT_NOFILE): 1048576:1048576
2024/01/30 02:01:34 [notice] 1#1: start worker processes
2024/01/30 02:01:34 [notice] 1#1: start worker process 29
2024/01/30 02:01:34 [notice] 1#1: start worker process 30
2024/01/30 02:01:34 [notice] 1#1: start worker process 31
2024/01/30 02:01:34 [notice] 1#1: start worker process 32
